<?xml version="1.0" encoding="UTF-8"?>
<!-- Generated by org.testng.reporters.JUnitReportReporter -->
<testsuite hostname="DESKTOP-S2MRPTD" failures="0" tests="1" name="API.TestAPi" time="2.582" errors="0" timestamp="2022-11-12T05:59:28 AST" skipped="0">
  <testcase classname="API.TestAPi" name="getOldPassengerInfoRequest" time="2.582"/>
  <system-out/>
</testsuite> <!-- API.TestAPi -->
