<?xml version="1.0" encoding="UTF-8"?>
<!-- Generated by org.testng.reporters.JUnitReportReporter -->
<testsuite hostname="DESKTOP-S2MRPTD" failures="0" tests="10" name="Tests.TestWeb" time="40.387" errors="0" timestamp="2022-11-12T06:34:51 AST" skipped="0">
  <testcase classname="Tests.TestWeb" name="veirifTravelFromParisToRome" time="5.190"/>
  <system-out/>
  <testcase classname="Tests.TestWeb" name="veirifyUserAbleToChoosedestinationCity" time="0.509"/>
  <system-out/>
  <testcase classname="Tests.TestWeb" name="checkDestinationOfTheWeekCity" time="3.273"/>
  <system-out/>
  <testcase classname="Tests.TestWeb" name="veirifTravelFromPortlandToBerlin" time="5.059"/>
  <system-out/>
  <testcase classname="Tests.TestWeb" name="veirifyUserAbleToChoosedepartureCity" time="0.532"/>
  <system-out/>
  <testcase classname="Tests.TestWeb" name="veirifTravelFromPhiladelphiaToBuenosAires" time="5.163"/>
  <system-out/>
  <testcase classname="Tests.TestWeb" name="veirifTravelFromSanDiegoToNewYork" time="5.091"/>
  <system-out/>
  <testcase classname="Tests.TestWeb" name="veirifTravelFromSaoPaoloToCairo" time="5.161"/>
  <system-out/>
  <testcase classname="Tests.TestWeb" name="veirifTravelFromMexicoCityToDublin" time="5.078"/>
  <system-out/>
  <testcase classname="Tests.TestWeb" name="veirifTravelFromBostonToLonden" time="5.331"/>
  <system-out/>
</testsuite> <!-- Tests.TestWeb -->
